6/9/2020 11:19:11 AM | Debut Mise en ligne complete (Site):
6/9/2020 11:19:30 AM | Listing terminé :
6/9/2020 11:19:30 AM | 

6/9/2020 11:19:30 AM | * Files/Fonts-- -- --Folder create
6/9/2020 11:19:30 AM | * scrolltop-- -- --Folder create
6/9/2020 11:19:30 AM | * WEFiles-- -- --Folder create
6/9/2020 11:19:30 AM | * WEFiles/Xml-- -- --Folder create
6/9/2020 11:19:30 AM | * WEFiles/Server-- -- --Folder create
6/9/2020 11:19:30 AM | * WEFiles/Server/language-- -- --Folder create
6/9/2020 11:19:30 AM | * WEFiles/Server/DB-- -- --Folder create
6/9/2020 11:19:30 AM | * WEFiles/Server/DB/DBTools-- -- --Folder create
6/9/2020 11:19:30 AM | * WEFiles/Server/class-- -- --Folder create
6/9/2020 11:19:30 AM | * WEFiles/Other-- -- --Folder create
6/9/2020 11:19:30 AM | * WEFiles/Image-- -- --Folder create
6/9/2020 11:19:30 AM | * WEFiles/Font-- -- --Folder create
6/9/2020 11:19:30 AM | * WEFiles/EG-- -- --Folder create
6/9/2020 11:19:30 AM | * WEFiles/Css-- -- --Folder create
6/9/2020 11:19:30 AM | * WEFiles/Css/v02-- -- --Folder create
6/9/2020 11:19:30 AM | * WEFiles/Css/v01-- -- --Folder create
6/9/2020 11:19:30 AM | * WEFiles/Client-- -- --Folder create
6/9/2020 11:19:30 AM | * WEFiles/Client/jQuery-- -- --Folder create
6/9/2020 11:19:30 AM | * WEFiles/Client/jQuery/Plugins-- -- --Folder create
6/9/2020 11:19:30 AM | * WEFiles/Client/Common-- -- --Folder create
6/9/2020 11:19:30 AM | * Templates-- -- --Folder create
6/9/2020 11:19:30 AM | * Files-- -- --Folder create
6/9/2020 11:19:30 AM | * Files/Video-- -- --Folder create
6/9/2020 11:19:30 AM | * Files/Other-- -- --Folder create
6/9/2020 11:19:30 AM | * Files/Media-- -- --Folder create
6/9/2020 11:19:30 AM | * Files/Image-- -- --Folder create
6/9/2020 11:19:30 AM | * Files/Fonts-- -- --Folder create
6/9/2020 11:19:30 AM | * Files/Flash-- -- --Folder create
6/9/2020 11:19:30 AM | * Files/Audio-- -- --Folder create
6/9/2020 11:19:30 AM | * Data-- -- --Folder create
6/9/2020 11:19:30 AM | * Backup-- -- --Folder create
6/9/2020 11:19:30 AM | * Common-- -- --Folder create
6/9/2020 11:19:30 AM | * Files/Image/ACTUALITES-- -- --Folder create
6/9/2020 11:19:30 AM | * Files/Image/accueil-- -- --Folder create
6/9/2020 11:19:30 AM | * WEFiles/Image/Skin-- -- --Folder create
6/9/2020 11:19:30 AM | * WEFiles/EG/EG891d4068-- -- --Folder create
6/9/2020 11:19:30 AM | * WEFiles/EG/EG891d4068/Js-- -- --Folder create
6/9/2020 11:19:30 AM | * WEFiles/Image/WEImage-- -- --Folder create
6/9/2020 11:19:30 AM | * WEFiles/EG/EG8ced4f68-- -- --Folder create
6/9/2020 11:19:30 AM | * WEFiles/EG/EG8ced4f68/Js-- -- --Folder create
6/9/2020 11:19:30 AM | * Files/Image/faq-- -- --Folder create
6/9/2020 11:19:30 AM | * WEFiles/EG/EGf8c88e12-- -- --Folder create
6/9/2020 11:19:30 AM | * WEFiles/EG/EGf8c88e12/ResImg-- -- --Folder create
6/9/2020 11:19:30 AM | * WEFiles/EG/EGf8c88e12/Js-- -- --Folder create
6/9/2020 11:19:30 AM | * WEFiles/EG/EGf8c88e12/Css-- -- --Folder create
6/9/2020 11:19:30 AM | * WEFiles/EG/EGf79d11e9-- -- --Folder create
6/9/2020 11:19:30 AM | * WEFiles/EG/EGf79d11e9/Js-- -- --Folder create
6/9/2020 11:19:30 AM | * WEFiles/EG/EGf79d11e9/Css-- -- --Folder create
6/9/2020 11:19:30 AM | * WEFiles/EG/EGb09efbd1-- -- --Folder create
6/9/2020 11:19:30 AM | * WEFiles/EG/EGb09efbd1/Js-- -- --Folder create
6/9/2020 11:19:30 AM | * WEFiles/EG/EG9f25bfab-- -- --Folder create
6/9/2020 11:19:30 AM | * WEFiles/EG/EG9f25bfab/Js-- -- --Folder create
6/9/2020 11:19:30 AM | * WEFiles/EG/EG9f25bfab/Css-- -- --Folder create
6/9/2020 11:19:30 AM | * WEFiles/EG/EGf9f84a8d-- -- --Folder create
6/9/2020 11:19:30 AM | * WEFiles/EG/EGf9f84a8d/ResImg-- -- --Folder create
6/9/2020 11:19:30 AM | * Files/Image/GALERIE-- -- --Folder create
6/9/2020 11:19:30 AM | * Files/Image/GALERIE/FULL-- -- --Folder create
6/9/2020 11:19:30 AM | * Files/Image/GALERIE/MINIATURES-- -- --Folder create
6/9/2020 11:19:30 AM | * WEFiles/EG/EGf9f84a8d/Js-- -- --Folder create
6/9/2020 11:19:30 AM | * WEFiles/EG/EGf9f84a8d/Css-- -- --Folder create
6/9/2020 11:19:30 AM | * Files/Image/VISUELS_DIVERS-- -- --Folder create
6/9/2020 11:19:30 AM | * WEFiles/EG/EG15ce8951-- -- --Folder create
6/9/2020 11:19:30 AM | * WEFiles/EG/EG15ce8951/Js-- -- --Folder create
6/9/2020 11:19:30 AM | * Files\Other-- -- --Folder create
6/9/2020 11:19:30 AM | * Files\Fonts-- -- --Folder create
6/9/2020 11:19:30 AM | * Backup/.htaccess-- -- --33
6/9/2020 11:19:30 AM | * Data/.htaccess-- -- --13
6/9/2020 11:19:30 AM | * WEFiles/Client/Common/oe.min.js-- -- --16317
6/9/2020 11:19:30 AM | * WEFiles/Client/jQuery/Plugins/jquery.form.js-- -- --11659
6/9/2020 11:19:30 AM | * WEFiles/Client/jQuery/Plugins/jquery.ui.core.js-- -- --19590
6/9/2020 11:19:30 AM | * WEFiles/Client/jQuery/Plugins/jquery.ui.effects.js-- -- --25199
6/9/2020 11:19:30 AM | * WEFiles/Client/jQuery/1.10.2.js-- -- --93107
6/9/2020 11:19:30 AM | * WEFiles/Client/jQuery/migrate.js-- -- --7202
6/9/2020 11:19:30 AM | * WEFiles/Client/OEDB.js-- -- --1856
6/9/2020 11:19:30 AM | * WEFiles/Client/OEDBClasses.js-- -- --2280
6/9/2020 11:19:30 AM | * WEFiles/Client/opentip-jquery.min.js-- -- --44974
6/9/2020 11:19:30 AM | * WEFiles/Css/v01/openElement.css-- -- --5851
6/9/2020 11:19:30 AM | * WEFiles/Css/v02/openElement.css-- -- --6102
6/9/2020 11:19:30 AM | * WEFiles/Css/v02/openElement.int.css-- -- --6177
6/9/2020 11:19:30 AM | * WEFiles/Css/ie7.css-- -- --833
6/9/2020 11:19:30 AM | * WEFiles/Css/opentip.css-- -- --9211
6/9/2020 11:19:30 AM | * WEFiles/Image/Code.png-- -- --831
6/9/2020 11:19:30 AM | * WEFiles/Image/delete.png-- -- --1465
6/9/2020 11:19:30 AM | * WEFiles/Image/empty.png-- -- --184
6/9/2020 11:19:30 AM | * WEFiles/Image/information2.png-- -- --3246
6/9/2020 11:19:30 AM | * WEFiles/Image/loading.gif-- -- --1924
6/9/2020 11:19:30 AM | * WEFiles/Image/Loading2.gif-- -- --4941
6/9/2020 11:19:30 AM | * WEFiles/Image/mask.png-- -- --213
6/9/2020 11:19:30 AM | * WEFiles/Image/ModalBackgound.png-- -- --27145
6/9/2020 11:19:30 AM | * WEFiles/Image/ModalPopupBlock.png-- -- --268
6/9/2020 11:19:30 AM | * WEFiles/Image/ServerError.png-- -- --2602
6/9/2020 11:19:30 AM | * WEFiles/Image/warning.png-- -- --816
6/9/2020 11:19:30 AM | * WEFiles/Image/WEW3C.png-- -- --1882
6/9/2020 11:19:30 AM | * WEFiles/Server/class/class-phpmailer.php-- -- --65668
6/9/2020 11:19:30 AM | * WEFiles/Server/class/class-smtp.php-- -- --32456
6/9/2020 11:19:30 AM | * WEFiles/Server/DB/DBTools/OEDataContainers.php-- -- --57685
6/9/2020 11:19:30 AM | * WEFiles/Server/DB/DBTools/OEDBRequest.php-- -- --36412
6/9/2020 11:19:30 AM | * WEFiles/Server/DB/DBTools/OEDynUtils.php-- -- --15107
6/9/2020 11:19:30 AM | * WEFiles/Server/DB/.htaccess-- -- --13
6/9/2020 11:19:30 AM | * WEFiles/Server/DB/OEDB.php-- -- --28741
6/9/2020 11:19:30 AM | * WEFiles/Server/DB/OEDBClasses.php-- -- --84483
6/9/2020 11:19:30 AM | * WEFiles/Server/DB/sqllogin.php-- -- --1479
6/9/2020 11:19:30 AM | * WEFiles/Server/language/phpmailer.lang-en.php-- -- --1188
6/9/2020 11:19:30 AM | * WEFiles/Server/language/phpmailer.lang-fr.php-- -- --1297
6/9/2020 11:19:30 AM | * WEFiles/Server/openElement.php-- -- --13870
6/9/2020 11:19:30 AM | * WEFiles/Server/VarText.php-- -- --4496
6/9/2020 11:19:30 AM | * Files/Fonts/Fonts.css-- -- --1127
6/9/2020 11:19:30 AM | * .htaccess-- -- --0
6/9/2020 11:19:30 AM | * scrolltop/jquery.js-- -- --96444
6/9/2020 11:19:30 AM | * scrolltop/returnOnTop.css-- -- --366
6/9/2020 11:19:30 AM | * scrolltop/returnOnTop.js-- -- --497
6/9/2020 11:19:30 AM | * scrolltop/return_on_top.png-- -- --968
6/9/2020 11:19:30 AM | * actualites(var).js-- -- --2739
6/9/2020 11:19:30 AM | * actualites(var).php-- -- --1230
6/9/2020 11:19:30 AM | * actualites.css-- -- --14973
6/9/2020 11:19:30 AM | * WEFiles/Server/WESendMail-v210.php-- -- --12362
6/9/2020 11:19:30 AM | * WEFiles/Client/WESendMail-v210.js-- -- --3670
6/9/2020 11:19:30 AM | * Files/Image/ACTUALITES/IMG_004.jpg-- -- --69083
6/9/2020 11:19:30 AM | * Files/Image/accueil/googleplus_normal.jpg-- -- --1633
6/9/2020 11:19:30 AM | * Files/Image/accueil/googleplus_survol.jpg-- -- --1579
6/9/2020 11:19:30 AM | * Files/Image/accueil/twitter_normal.jpg-- -- --1551
6/9/2020 11:19:30 AM | * Files/Image/accueil/twitter_survol.jpg-- -- --1549
6/9/2020 11:19:30 AM | * Files/Image/accueil/facebook_normal.jpg-- -- --1468
6/9/2020 11:19:30 AM | * Files/Image/accueil/facebook_survol.jpg-- -- --1492
6/9/2020 11:19:30 AM | * Files/Image/ACTUALITES/IMG_005.jpg-- -- --59747
6/9/2020 11:19:30 AM | * Files/Image/ACTUALITES/IMG_006.jpg-- -- --82972
6/9/2020 11:19:30 AM | * WEFiles/Image/Skin/26c70838.png-- -- --191
6/9/2020 11:19:30 AM | * WEFiles/Image/Skin/58294202.png-- -- --826
6/9/2020 11:19:30 AM | * WEFiles/Image/Skin/cbb1ae94.png-- -- --191
6/9/2020 11:19:30 AM | * WEFiles/Image/Skin/966687aa.png-- -- --826
6/9/2020 11:19:30 AM | * Files/Image/accueil/skype_normal.jpg-- -- --1673
6/9/2020 11:19:30 AM | * Files/Image/accueil/skype_survol.jpg-- -- --1596
6/9/2020 11:19:30 AM | * Files/Image/accueil/youtube_normal.jpg-- -- --1654
6/9/2020 11:19:30 AM | * Files/Image/accueil/youtube_survol.jpg-- -- --1617
6/9/2020 11:19:30 AM | * WEFiles/Image/Skin/b150fa74.png-- -- --392
6/9/2020 11:19:30 AM | * WEFiles/Css/WEMenu-v23.css-- -- --425
6/9/2020 11:19:30 AM | * WEFiles/Client/WEMenu-v23.js-- -- --5687
6/9/2020 11:19:30 AM | * WEFiles/EG/EG891d4068/Js/anchor-scroll-v13.js-- -- --2855
6/9/2020 11:19:30 AM | * Files/Image/accueil/menu-mobile60x60.png-- -- --1190
6/9/2020 11:19:30 AM | * WEFiles/Image/WEImage/menu-mobile60x60-WEMENU_MOBILE.png-- -- --378
6/9/2020 11:19:30 AM | * Files/Image/accueil/LOGO.png-- -- --2017
6/9/2020 11:19:30 AM | * WEFiles/EG/EG8ced4f68/Js/field-def-text-v59.js-- -- --2617
6/9/2020 11:19:30 AM | * Files/Image/arrow-up.png-- -- --435
6/9/2020 11:19:30 AM | * actualites.htm-- -- --41420
6/9/2020 11:19:30 AM | * FAQ.css-- -- --2044
6/9/2020 11:19:30 AM | * Files/Image/faq/OE001.jpg-- -- --64233
6/9/2020 11:19:30 AM | * Files/Image/faq/OE002.jpg-- -- --28886
6/9/2020 11:19:30 AM | * Files/Image/faq/OE003.jpg-- -- --20337
6/9/2020 11:19:30 AM | * Files/Image/faq/OE004.jpg-- -- --26259
6/9/2020 11:19:30 AM | * Files/Image/faq/OE006.jpg-- -- --12291
6/9/2020 11:19:30 AM | * Files/Image/faq/OE008.jpg-- -- --81942
6/9/2020 11:19:30 AM | * Files/Image/faq/OE012.jpg-- -- --48020
6/9/2020 11:19:30 AM | * Files/Image/faq/parallax.jpg-- -- --53486
6/9/2020 11:19:30 AM | * FAQ.htm-- -- --36509
6/9/2020 11:19:30 AM | * index(var).js-- -- --10075
6/9/2020 11:19:30 AM | * index(var).php-- -- --1417
6/9/2020 11:19:30 AM | * index.css-- -- --19765
6/9/2020 11:19:30 AM | * WEFiles/EG/EGf8c88e12/ResImg/Image11-v21.png-- -- --124
6/9/2020 11:19:30 AM | * WEFiles/EG/EGf8c88e12/ResImg/Image10-v21.png-- -- --137
6/9/2020 11:19:30 AM | * WEFiles/EG/EGf8c88e12/ResImg/Image9-v21.png-- -- --208
6/9/2020 11:19:30 AM | * WEFiles/EG/EGf8c88e12/ResImg/Image8-v21.png-- -- --146
6/9/2020 11:19:30 AM | * WEFiles/EG/EGf8c88e12/ResImg/Image7-v21.png-- -- --215
6/9/2020 11:19:30 AM | * WEFiles/EG/EGf8c88e12/ResImg/Image6-v21.png-- -- --211
6/9/2020 11:19:30 AM | * WEFiles/EG/EGf8c88e12/ResImg/Image5-v21.png-- -- --213
6/9/2020 11:19:30 AM | * WEFiles/EG/EGf8c88e12/ResImg/Image4-v21.png-- -- --211
6/9/2020 11:19:30 AM | * WEFiles/EG/EGf8c88e12/ResImg/Image3-v21.png-- -- --209
6/9/2020 11:19:30 AM | * WEFiles/EG/EGf8c88e12/ResImg/Image2-v21.png-- -- --211
6/9/2020 11:19:30 AM | * WEFiles/EG/EGf8c88e12/ResImg/Image1-v21.png-- -- --213
6/9/2020 11:19:30 AM | * WEFiles/EG/EGf8c88e12/ResImg/Image12-v21.png-- -- --130
6/9/2020 11:19:30 AM | * WEFiles/EG/EGf8c88e12/ResImg/Image13-v21.png-- -- --142
6/9/2020 11:19:30 AM | * WEFiles/EG/EGf8c88e12/ResImg/Image14-v21.png-- -- --126
6/9/2020 11:19:30 AM | * WEFiles/EG/EGf8c88e12/ResImg/Image15-v21.png-- -- --137
6/9/2020 11:19:30 AM | * WEFiles/EG/EGf8c88e12/ResImg/Loading-v21.gif-- -- --4461
6/9/2020 11:19:30 AM | * Files/Image/image01.jpg-- -- --170711
6/9/2020 11:19:30 AM | * WEFiles/EG/EGf8c88e12/Js/jquery.vegas.min-v81.js-- -- --9617
6/9/2020 11:19:30 AM | * WEFiles/EG/EGf8c88e12/Css/jquery.vegas-v89.css-- -- --13602
6/9/2020 11:19:30 AM | * WEFiles/EG/EGf8c88e12/Js/WEBackgroundSlider-v213.js-- -- --4398
6/9/2020 11:19:30 AM | * WEFiles/EG/EGf79d11e9/Js/parallax-safe-v33.js-- -- --7226
6/9/2020 11:19:30 AM | * WEFiles/EG/EGf79d11e9/Css/parallax-safe-v26.css-- -- --212
6/9/2020 11:19:30 AM | * WEFiles/EG/EGb09efbd1/Js/iframeprotect-v18.js-- -- --2375
6/9/2020 11:19:30 AM | * WEFiles/EG/EG9f25bfab/Js/OERespPanel-v104.js-- -- --8720
6/9/2020 11:19:30 AM | * WEFiles/EG/EG9f25bfab/Css/OERespPanel-v70.css-- -- --571
6/9/2020 11:19:30 AM | * Files/Image/accueil/flechebas.png-- -- --2987
6/9/2020 11:19:30 AM | * WEFiles/EG/EGf9f84a8d/ResImg/Icons-v21.png-- -- --729
6/9/2020 11:19:30 AM | * WEFiles/EG/EGf9f84a8d/ResImg/Loader-v21.gif-- -- --2608
6/9/2020 11:19:30 AM | * Files/Image/GALERIE/FULL/IMG01.jpg-- -- --302620
6/9/2020 11:19:30 AM | * Files/Image/GALERIE/MINIATURES/IMG01.jpg-- -- --72201
6/9/2020 11:19:30 AM | * Files/Image/accueil/mag.png-- -- --2026
6/9/2020 11:19:30 AM | * WEFiles/EG/EGf9f84a8d/Js/swipebox-v224.js-- -- --3329
6/9/2020 11:19:30 AM | * WEFiles/EG/EGf9f84a8d/Js/jquery-swipebox-v54.js-- -- --24823
6/9/2020 11:19:30 AM | * WEFiles/EG/EGf9f84a8d/Css/swipebox-v267.css-- -- --8166
6/9/2020 11:19:30 AM | * Files/Image/GALERIE/FULL/IMG02.jpg-- -- --237416
6/9/2020 11:19:30 AM | * Files/Image/GALERIE/MINIATURES/IMG02.jpg-- -- --27944
6/9/2020 11:19:30 AM | * Files/Image/GALERIE/FULL/IMG03.jpg-- -- --151270
6/9/2020 11:19:30 AM | * Files/Image/GALERIE/MINIATURES/IMG03.jpg-- -- --25226
6/9/2020 11:19:30 AM | * Files/Image/GALERIE/FULL/IMG04.jpg-- -- --266861
6/9/2020 11:19:30 AM | * Files/Image/GALERIE/MINIATURES/IMG04.jpg-- -- --33434
6/9/2020 11:19:30 AM | * Files/Image/GALERIE/FULL/IMG05.jpg-- -- --230047
6/9/2020 11:19:30 AM | * Files/Image/GALERIE/MINIATURES/IMG05.jpg-- -- --31079
6/9/2020 11:19:30 AM | * Files/Image/GALERIE/FULL/IMG06.jpg-- -- --357393
6/9/2020 11:19:30 AM | * Files/Image/GALERIE/MINIATURES/IMG06.jpg-- -- --44520
6/9/2020 11:19:30 AM | * Files/Image/GALERIE/FULL/IMG07.jpg-- -- --191200
6/9/2020 11:19:30 AM | * Files/Image/GALERIE/MINIATURES/IMG07.jpg-- -- --37153
6/9/2020 11:19:30 AM | * Files/Image/GALERIE/FULL/IMG08.jpg-- -- --348161
6/9/2020 11:19:30 AM | * Files/Image/GALERIE/MINIATURES/IMG08.jpg-- -- --23434
6/9/2020 11:19:30 AM | * Files/Image/VISUELS_DIVERS/IMG_001.jpg-- -- --28955
6/9/2020 11:19:30 AM | * Files/Image/VISUELS_DIVERS/IMG_002.jpg-- -- --50246
6/9/2020 11:19:30 AM | * Files/Image/VISUELS_DIVERS/IMG_003.jpg-- -- --44206
6/9/2020 11:19:30 AM | * Files/Image/transparent.png-- -- --1023
6/9/2020 11:19:30 AM | * WEFiles/EG/EG15ce8951/Js/jquery-sticky-v53.js-- -- --9937
6/9/2020 11:19:30 AM | * WEFiles/EG/EG15ce8951/Js/sticky-v51.js-- -- --2098
6/9/2020 11:19:30 AM | * Files/Image/GALERIE/FULL/brand-logo-with-title.png-- -- --130005
6/9/2020 11:19:30 AM | * Files/Image/preloader.gif-- -- --96370
6/9/2020 11:19:30 AM | * index.htm-- -- --51608
6/9/2020 11:19:30 AM | * robots.txt-- -- --19
6/9/2020 11:19:30 AM | * sitemap.xml-- -- --650
6/9/2020 11:19:30 AM | * Files/Fonts/Fonts.css-- -- --1127
6/9/2020 11:19:30 AM | * Files/Fonts/Icons.eot-- -- --33068
6/9/2020 11:19:30 AM | * Files/Fonts/Icons.ttf-- -- --32912
6/9/2020 11:19:30 AM | * Files/Fonts/Icons.woff-- -- --18940
6/9/2020 11:19:30 AM | * Files/Fonts/Montserrat.eot-- -- --20396
6/9/2020 11:19:30 AM | * Files/Fonts/Montserrat.ttf-- -- --20200
6/9/2020 11:19:30 AM | * Files/Fonts/Montserrat.woff-- -- --12216
6/9/2020 11:19:30 AM | * Files/Fonts/TitilliumText25L.eot-- -- --73644
6/9/2020 11:19:30 AM | * Files/Fonts/TitilliumText25L.ttf-- -- --73428
6/9/2020 11:19:30 AM | * Files/Fonts/TitilliumText25L.woff-- -- --33372
6/9/2020 11:19:30 AM | * Templates/Base.css-- -- --1761
6/9/2020 11:19:30 AM | * Templates/Base_Menu.css-- -- --4658
6/9/2020 11:19:30 AM | * Templates/Base_Menu_Alt.css-- -- --5651
6/9/2020 11:19:30 AM | * Templates/preloader.css-- -- --830
6/9/2020 11:19:32 AM | 
6/9/2020 11:19:32 AM | 
--------------------------------Phase 1 Terminé--------------------------------
6/9/2020 11:19:32 AM | 

6/9/2020 11:20:05 AM | Debut Mise en ligne complete (Site):
6/9/2020 11:20:16 AM | Listing terminé :
6/9/2020 11:20:16 AM | 

6/9/2020 11:20:16 AM | * Files/Fonts-- -- --Folder create
6/9/2020 11:20:16 AM | * scrolltop-- -- --Folder create
6/9/2020 11:20:16 AM | * WEFiles-- -- --Folder create
6/9/2020 11:20:16 AM | * WEFiles/Xml-- -- --Folder create
6/9/2020 11:20:16 AM | * WEFiles/Server-- -- --Folder create
6/9/2020 11:20:16 AM | * WEFiles/Server/language-- -- --Folder create
6/9/2020 11:20:16 AM | * WEFiles/Server/DB-- -- --Folder create
6/9/2020 11:20:16 AM | * WEFiles/Server/DB/DBTools-- -- --Folder create
6/9/2020 11:20:16 AM | * WEFiles/Server/class-- -- --Folder create
6/9/2020 11:20:16 AM | * WEFiles/Other-- -- --Folder create
6/9/2020 11:20:16 AM | * WEFiles/Image-- -- --Folder create
6/9/2020 11:20:16 AM | * WEFiles/Font-- -- --Folder create
6/9/2020 11:20:16 AM | * WEFiles/EG-- -- --Folder create
6/9/2020 11:20:16 AM | * WEFiles/Css-- -- --Folder create
6/9/2020 11:20:16 AM | * WEFiles/Css/v02-- -- --Folder create
6/9/2020 11:20:16 AM | * WEFiles/Css/v01-- -- --Folder create
6/9/2020 11:20:16 AM | * WEFiles/Client-- -- --Folder create
6/9/2020 11:20:16 AM | * WEFiles/Client/jQuery-- -- --Folder create
6/9/2020 11:20:16 AM | * WEFiles/Client/jQuery/Plugins-- -- --Folder create
6/9/2020 11:20:16 AM | * WEFiles/Client/Common-- -- --Folder create
6/9/2020 11:20:16 AM | * Templates-- -- --Folder create
6/9/2020 11:20:16 AM | * Files-- -- --Folder create
6/9/2020 11:20:16 AM | * Files/Video-- -- --Folder create
6/9/2020 11:20:16 AM | * Files/Other-- -- --Folder create
6/9/2020 11:20:16 AM | * Files/Media-- -- --Folder create
6/9/2020 11:20:16 AM | * Files/Image-- -- --Folder create
6/9/2020 11:20:16 AM | * Files/Fonts-- -- --Folder create
6/9/2020 11:20:16 AM | * Files/Flash-- -- --Folder create
6/9/2020 11:20:16 AM | * Files/Audio-- -- --Folder create
6/9/2020 11:20:16 AM | * Data-- -- --Folder create
6/9/2020 11:20:16 AM | * Backup-- -- --Folder create
6/9/2020 11:20:16 AM | * Common-- -- --Folder create
6/9/2020 11:20:16 AM | * Files/Image/ACTUALITES-- -- --Folder create
6/9/2020 11:20:16 AM | * Files/Image/accueil-- -- --Folder create
6/9/2020 11:20:16 AM | * WEFiles/Image/Skin-- -- --Folder create
6/9/2020 11:20:16 AM | * WEFiles/EG/EG891d4068-- -- --Folder create
6/9/2020 11:20:16 AM | * WEFiles/EG/EG891d4068/Js-- -- --Folder create
6/9/2020 11:20:16 AM | * WEFiles/Image/WEImage-- -- --Folder create
6/9/2020 11:20:16 AM | * WEFiles/EG/EG8ced4f68-- -- --Folder create
6/9/2020 11:20:16 AM | * WEFiles/EG/EG8ced4f68/Js-- -- --Folder create
6/9/2020 11:20:16 AM | * Files/Image/faq-- -- --Folder create
6/9/2020 11:20:16 AM | * WEFiles/EG/EGf8c88e12-- -- --Folder create
6/9/2020 11:20:16 AM | * WEFiles/EG/EGf8c88e12/ResImg-- -- --Folder create
6/9/2020 11:20:16 AM | * WEFiles/EG/EGf8c88e12/Js-- -- --Folder create
6/9/2020 11:20:16 AM | * WEFiles/EG/EGf8c88e12/Css-- -- --Folder create
6/9/2020 11:20:16 AM | * WEFiles/EG/EGf79d11e9-- -- --Folder create
6/9/2020 11:20:16 AM | * WEFiles/EG/EGf79d11e9/Js-- -- --Folder create
6/9/2020 11:20:16 AM | * WEFiles/EG/EGf79d11e9/Css-- -- --Folder create
6/9/2020 11:20:16 AM | * WEFiles/EG/EGb09efbd1-- -- --Folder create
6/9/2020 11:20:16 AM | * WEFiles/EG/EGb09efbd1/Js-- -- --Folder create
6/9/2020 11:20:16 AM | * WEFiles/EG/EG9f25bfab-- -- --Folder create
6/9/2020 11:20:16 AM | * WEFiles/EG/EG9f25bfab/Js-- -- --Folder create
6/9/2020 11:20:16 AM | * WEFiles/EG/EG9f25bfab/Css-- -- --Folder create
6/9/2020 11:20:16 AM | * WEFiles/EG/EGf9f84a8d-- -- --Folder create
6/9/2020 11:20:16 AM | * WEFiles/EG/EGf9f84a8d/ResImg-- -- --Folder create
6/9/2020 11:20:16 AM | * Files/Image/GALERIE-- -- --Folder create
6/9/2020 11:20:16 AM | * Files/Image/GALERIE/FULL-- -- --Folder create
6/9/2020 11:20:16 AM | * Files/Image/GALERIE/MINIATURES-- -- --Folder create
6/9/2020 11:20:16 AM | * WEFiles/EG/EGf9f84a8d/Js-- -- --Folder create
6/9/2020 11:20:16 AM | * WEFiles/EG/EGf9f84a8d/Css-- -- --Folder create
6/9/2020 11:20:16 AM | * Files/Image/VISUELS_DIVERS-- -- --Folder create
6/9/2020 11:20:16 AM | * WEFiles/EG/EG15ce8951-- -- --Folder create
6/9/2020 11:20:16 AM | * WEFiles/EG/EG15ce8951/Js-- -- --Folder create
6/9/2020 11:20:16 AM | * Files\Other-- -- --Folder create
6/9/2020 11:20:16 AM | * Files\Fonts-- -- --Folder create
6/9/2020 11:20:16 AM | * Backup/.htaccess-- -- --33
6/9/2020 11:20:16 AM | * Data/.htaccess-- -- --13
6/9/2020 11:20:16 AM | * WEFiles/Client/Common/oe.min.js-- -- --16317
6/9/2020 11:20:16 AM | * WEFiles/Client/jQuery/Plugins/jquery.form.js-- -- --11659
6/9/2020 11:20:16 AM | * WEFiles/Client/jQuery/Plugins/jquery.ui.core.js-- -- --19590
6/9/2020 11:20:16 AM | * WEFiles/Client/jQuery/Plugins/jquery.ui.effects.js-- -- --25199
6/9/2020 11:20:16 AM | * WEFiles/Client/jQuery/1.10.2.js-- -- --93107
6/9/2020 11:20:16 AM | * WEFiles/Client/jQuery/migrate.js-- -- --7202
6/9/2020 11:20:16 AM | * WEFiles/Client/OEDB.js-- -- --1856
6/9/2020 11:20:16 AM | * WEFiles/Client/OEDBClasses.js-- -- --2280
6/9/2020 11:20:16 AM | * WEFiles/Client/opentip-jquery.min.js-- -- --44974
6/9/2020 11:20:16 AM | * WEFiles/Css/v01/openElement.css-- -- --5851
6/9/2020 11:20:16 AM | * WEFiles/Css/v02/openElement.css-- -- --6102
6/9/2020 11:20:16 AM | * WEFiles/Css/v02/openElement.int.css-- -- --6177
6/9/2020 11:20:16 AM | * WEFiles/Css/ie7.css-- -- --833
6/9/2020 11:20:16 AM | * WEFiles/Css/opentip.css-- -- --9211
6/9/2020 11:20:16 AM | * WEFiles/Image/Code.png-- -- --831
6/9/2020 11:20:16 AM | * WEFiles/Image/delete.png-- -- --1465
6/9/2020 11:20:16 AM | * WEFiles/Image/empty.png-- -- --184
6/9/2020 11:20:16 AM | * WEFiles/Image/information2.png-- -- --3246
6/9/2020 11:20:16 AM | * WEFiles/Image/loading.gif-- -- --1924
6/9/2020 11:20:16 AM | * WEFiles/Image/Loading2.gif-- -- --4941
6/9/2020 11:20:16 AM | * WEFiles/Image/mask.png-- -- --213
6/9/2020 11:20:16 AM | * WEFiles/Image/ModalBackgound.png-- -- --27145
6/9/2020 11:20:16 AM | * WEFiles/Image/ModalPopupBlock.png-- -- --268
6/9/2020 11:20:16 AM | * WEFiles/Image/ServerError.png-- -- --2602
6/9/2020 11:20:16 AM | * WEFiles/Image/warning.png-- -- --816
6/9/2020 11:20:16 AM | * WEFiles/Image/WEW3C.png-- -- --1882
6/9/2020 11:20:16 AM | * WEFiles/Server/class/class-phpmailer.php-- -- --65668
6/9/2020 11:20:16 AM | * WEFiles/Server/class/class-smtp.php-- -- --32456
6/9/2020 11:20:16 AM | * WEFiles/Server/DB/DBTools/OEDataContainers.php-- -- --57685
6/9/2020 11:20:16 AM | * WEFiles/Server/DB/DBTools/OEDBRequest.php-- -- --36412
6/9/2020 11:20:16 AM | * WEFiles/Server/DB/DBTools/OEDynUtils.php-- -- --15107
6/9/2020 11:20:16 AM | * WEFiles/Server/DB/.htaccess-- -- --13
6/9/2020 11:20:16 AM | * WEFiles/Server/DB/OEDB.php-- -- --28741
6/9/2020 11:20:16 AM | * WEFiles/Server/DB/OEDBClasses.php-- -- --84483
6/9/2020 11:20:16 AM | * WEFiles/Server/DB/sqllogin.php-- -- --1479
6/9/2020 11:20:16 AM | * WEFiles/Server/language/phpmailer.lang-en.php-- -- --1188
6/9/2020 11:20:16 AM | * WEFiles/Server/language/phpmailer.lang-fr.php-- -- --1297
6/9/2020 11:20:16 AM | * WEFiles/Server/openElement.php-- -- --13870
6/9/2020 11:20:16 AM | * WEFiles/Server/VarText.php-- -- --4496
6/9/2020 11:20:16 AM | * .htaccess-- -- --0
6/9/2020 11:20:16 AM | * scrolltop/jquery.js-- -- --96444
6/9/2020 11:20:16 AM | * scrolltop/returnOnTop.css-- -- --366
6/9/2020 11:20:16 AM | * scrolltop/returnOnTop.js-- -- --497
6/9/2020 11:20:16 AM | * scrolltop/return_on_top.png-- -- --968
6/9/2020 11:20:16 AM | * actualites(var).js-- -- --2739
6/9/2020 11:20:16 AM | * actualites(var).php-- -- --1230
6/9/2020 11:20:16 AM | * actualites.css-- -- --14973
6/9/2020 11:20:16 AM | * WEFiles/Server/WESendMail-v210.php-- -- --12362
6/9/2020 11:20:16 AM | * WEFiles/Client/WESendMail-v210.js-- -- --3670
6/9/2020 11:20:16 AM | * Files/Image/ACTUALITES/IMG_004.jpg-- -- --69083
6/9/2020 11:20:16 AM | * Files/Image/accueil/googleplus_normal.jpg-- -- --1633
6/9/2020 11:20:16 AM | * Files/Image/accueil/googleplus_survol.jpg-- -- --1579
6/9/2020 11:20:16 AM | * Files/Image/accueil/twitter_normal.jpg-- -- --1551
6/9/2020 11:20:16 AM | * Files/Image/accueil/twitter_survol.jpg-- -- --1549
6/9/2020 11:20:16 AM | * Files/Image/accueil/facebook_normal.jpg-- -- --1468
6/9/2020 11:20:16 AM | * Files/Image/accueil/facebook_survol.jpg-- -- --1492
6/9/2020 11:20:16 AM | * Files/Image/ACTUALITES/IMG_005.jpg-- -- --59747
6/9/2020 11:20:16 AM | * Files/Image/ACTUALITES/IMG_006.jpg-- -- --82972
6/9/2020 11:20:16 AM | * WEFiles/Image/Skin/26c70838.png-- -- --191
6/9/2020 11:20:16 AM | * WEFiles/Image/Skin/58294202.png-- -- --826
6/9/2020 11:20:16 AM | * WEFiles/Image/Skin/cbb1ae94.png-- -- --191
6/9/2020 11:20:16 AM | * WEFiles/Image/Skin/966687aa.png-- -- --826
6/9/2020 11:20:16 AM | * Files/Image/accueil/skype_normal.jpg-- -- --1673
6/9/2020 11:20:16 AM | * Files/Image/accueil/skype_survol.jpg-- -- --1596
6/9/2020 11:20:16 AM | * Files/Image/accueil/youtube_normal.jpg-- -- --1654
6/9/2020 11:20:16 AM | * Files/Image/accueil/youtube_survol.jpg-- -- --1617
6/9/2020 11:20:16 AM | * WEFiles/Image/Skin/b150fa74.png-- -- --392
6/9/2020 11:20:16 AM | * WEFiles/Css/WEMenu-v23.css-- -- --425
6/9/2020 11:20:16 AM | * WEFiles/Client/WEMenu-v23.js-- -- --5687
6/9/2020 11:20:16 AM | * WEFiles/EG/EG891d4068/Js/anchor-scroll-v13.js-- -- --2855
6/9/2020 11:20:16 AM | * Files/Image/accueil/menu-mobile60x60.png-- -- --1190
6/9/2020 11:20:16 AM | * WEFiles/Image/WEImage/menu-mobile60x60-WEMENU_MOBILE.png-- -- --378
6/9/2020 11:20:16 AM | * Files/Image/accueil/LOGO.png-- -- --2017
6/9/2020 11:20:16 AM | * WEFiles/EG/EG8ced4f68/Js/field-def-text-v59.js-- -- --2617
6/9/2020 11:20:16 AM | * Files/Image/arrow-up.png-- -- --435
6/9/2020 11:20:16 AM | * actualites.htm-- -- --41420
6/9/2020 11:20:16 AM | * FAQ.css-- -- --2044
6/9/2020 11:20:16 AM | * Files/Image/faq/OE001.jpg-- -- --64233
6/9/2020 11:20:16 AM | * Files/Image/faq/OE002.jpg-- -- --28886
6/9/2020 11:20:16 AM | * Files/Image/faq/OE003.jpg-- -- --20337
6/9/2020 11:20:16 AM | * Files/Image/faq/OE004.jpg-- -- --26259
6/9/2020 11:20:16 AM | * Files/Image/faq/OE006.jpg-- -- --12291
6/9/2020 11:20:16 AM | * Files/Image/faq/OE008.jpg-- -- --81942
6/9/2020 11:20:16 AM | * Files/Image/faq/OE012.jpg-- -- --48020
6/9/2020 11:20:16 AM | * Files/Image/faq/parallax.jpg-- -- --53486
6/9/2020 11:20:16 AM | * FAQ.htm-- -- --36509
6/9/2020 11:20:16 AM | * index(var).js-- -- --10075
6/9/2020 11:20:16 AM | * index(var).php-- -- --1417
6/9/2020 11:20:16 AM | * index.css-- -- --19765
6/9/2020 11:20:16 AM | * WEFiles/EG/EGf8c88e12/ResImg/Image11-v21.png-- -- --124
6/9/2020 11:20:16 AM | * WEFiles/EG/EGf8c88e12/ResImg/Image10-v21.png-- -- --137
6/9/2020 11:20:16 AM | * WEFiles/EG/EGf8c88e12/ResImg/Image9-v21.png-- -- --208
6/9/2020 11:20:16 AM | * WEFiles/EG/EGf8c88e12/ResImg/Image8-v21.png-- -- --146
6/9/2020 11:20:16 AM | * WEFiles/EG/EGf8c88e12/ResImg/Image7-v21.png-- -- --215
6/9/2020 11:20:16 AM | * WEFiles/EG/EGf8c88e12/ResImg/Image6-v21.png-- -- --211
6/9/2020 11:20:16 AM | * WEFiles/EG/EGf8c88e12/ResImg/Image5-v21.png-- -- --213
6/9/2020 11:20:16 AM | * WEFiles/EG/EGf8c88e12/ResImg/Image4-v21.png-- -- --211
6/9/2020 11:20:16 AM | * WEFiles/EG/EGf8c88e12/ResImg/Image3-v21.png-- -- --209
6/9/2020 11:20:16 AM | * WEFiles/EG/EGf8c88e12/ResImg/Image2-v21.png-- -- --211
6/9/2020 11:20:16 AM | * WEFiles/EG/EGf8c88e12/ResImg/Image1-v21.png-- -- --213
6/9/2020 11:20:16 AM | * WEFiles/EG/EGf8c88e12/ResImg/Image12-v21.png-- -- --130
6/9/2020 11:20:16 AM | * WEFiles/EG/EGf8c88e12/ResImg/Image13-v21.png-- -- --142
6/9/2020 11:20:16 AM | * WEFiles/EG/EGf8c88e12/ResImg/Image14-v21.png-- -- --126
6/9/2020 11:20:16 AM | * WEFiles/EG/EGf8c88e12/ResImg/Image15-v21.png-- -- --137
6/9/2020 11:20:16 AM | * WEFiles/EG/EGf8c88e12/ResImg/Loading-v21.gif-- -- --4461
6/9/2020 11:20:16 AM | * Files/Image/image01.jpg-- -- --170711
6/9/2020 11:20:16 AM | * WEFiles/EG/EGf8c88e12/Js/jquery.vegas.min-v81.js-- -- --9617
6/9/2020 11:20:16 AM | * WEFiles/EG/EGf8c88e12/Css/jquery.vegas-v89.css-- -- --13602
6/9/2020 11:20:16 AM | * WEFiles/EG/EGf8c88e12/Js/WEBackgroundSlider-v213.js-- -- --4398
6/9/2020 11:20:16 AM | * WEFiles/EG/EGf79d11e9/Js/parallax-safe-v33.js-- -- --7226
6/9/2020 11:20:16 AM | * WEFiles/EG/EGf79d11e9/Css/parallax-safe-v26.css-- -- --212
6/9/2020 11:20:16 AM | * WEFiles/EG/EGb09efbd1/Js/iframeprotect-v18.js-- -- --2375
6/9/2020 11:20:16 AM | * WEFiles/EG/EG9f25bfab/Js/OERespPanel-v104.js-- -- --8720
6/9/2020 11:20:16 AM | * WEFiles/EG/EG9f25bfab/Css/OERespPanel-v70.css-- -- --571
6/9/2020 11:20:16 AM | * Files/Image/accueil/flechebas.png-- -- --2987
6/9/2020 11:20:16 AM | * WEFiles/EG/EGf9f84a8d/ResImg/Icons-v21.png-- -- --729
6/9/2020 11:20:16 AM | * WEFiles/EG/EGf9f84a8d/ResImg/Loader-v21.gif-- -- --2608
6/9/2020 11:20:16 AM | * Files/Image/GALERIE/FULL/IMG01.jpg-- -- --302620
6/9/2020 11:20:16 AM | * Files/Image/GALERIE/MINIATURES/IMG01.jpg-- -- --72201
6/9/2020 11:20:16 AM | * Files/Image/accueil/mag.png-- -- --2026
6/9/2020 11:20:16 AM | * WEFiles/EG/EGf9f84a8d/Js/swipebox-v224.js-- -- --3329
6/9/2020 11:20:16 AM | * WEFiles/EG/EGf9f84a8d/Js/jquery-swipebox-v54.js-- -- --24823
6/9/2020 11:20:16 AM | * WEFiles/EG/EGf9f84a8d/Css/swipebox-v267.css-- -- --8166
6/9/2020 11:20:16 AM | * Files/Image/GALERIE/FULL/IMG02.jpg-- -- --237416
6/9/2020 11:20:16 AM | * Files/Image/GALERIE/MINIATURES/IMG02.jpg-- -- --27944
6/9/2020 11:20:16 AM | * Files/Image/GALERIE/FULL/IMG03.jpg-- -- --151270
6/9/2020 11:20:16 AM | * Files/Image/GALERIE/MINIATURES/IMG03.jpg-- -- --25226
6/9/2020 11:20:16 AM | * Files/Image/GALERIE/FULL/IMG04.jpg-- -- --266861
6/9/2020 11:20:16 AM | * Files/Image/GALERIE/MINIATURES/IMG04.jpg-- -- --33434
6/9/2020 11:20:16 AM | * Files/Image/GALERIE/FULL/IMG05.jpg-- -- --230047
6/9/2020 11:20:16 AM | * Files/Image/GALERIE/MINIATURES/IMG05.jpg-- -- --31079
6/9/2020 11:20:16 AM | * Files/Image/GALERIE/FULL/IMG06.jpg-- -- --357393
6/9/2020 11:20:16 AM | * Files/Image/GALERIE/MINIATURES/IMG06.jpg-- -- --44520
6/9/2020 11:20:16 AM | * Files/Image/GALERIE/FULL/IMG07.jpg-- -- --191200
6/9/2020 11:20:16 AM | * Files/Image/GALERIE/MINIATURES/IMG07.jpg-- -- --37153
6/9/2020 11:20:16 AM | * Files/Image/GALERIE/FULL/IMG08.jpg-- -- --348161
6/9/2020 11:20:16 AM | * Files/Image/GALERIE/MINIATURES/IMG08.jpg-- -- --23434
6/9/2020 11:20:16 AM | * Files/Image/VISUELS_DIVERS/IMG_001.jpg-- -- --28955
6/9/2020 11:20:16 AM | * Files/Image/VISUELS_DIVERS/IMG_002.jpg-- -- --50246
6/9/2020 11:20:16 AM | * Files/Image/VISUELS_DIVERS/IMG_003.jpg-- -- --44206
6/9/2020 11:20:16 AM | * Files/Image/transparent.png-- -- --1023
6/9/2020 11:20:16 AM | * WEFiles/EG/EG15ce8951/Js/jquery-sticky-v53.js-- -- --9937
6/9/2020 11:20:16 AM | * WEFiles/EG/EG15ce8951/Js/sticky-v51.js-- -- --2098
6/9/2020 11:20:16 AM | * Files/Image/GALERIE/FULL/brand-logo-with-title.png-- -- --130005
6/9/2020 11:20:16 AM | * Files/Image/preloader.gif-- -- --96370
6/9/2020 11:20:16 AM | * index.htm-- -- --51608
6/9/2020 11:20:16 AM | * robots.txt-- -- --19
6/9/2020 11:20:16 AM | * sitemap.xml-- -- --650
6/9/2020 11:20:16 AM | * Files/Fonts/Fonts.css-- -- --1127
6/9/2020 11:20:16 AM | * Files/Fonts/Icons.eot-- -- --33068
6/9/2020 11:20:16 AM | * Files/Fonts/Icons.ttf-- -- --32912
6/9/2020 11:20:16 AM | * Files/Fonts/Icons.woff-- -- --18940
6/9/2020 11:20:16 AM | * Files/Fonts/Montserrat.eot-- -- --20396
6/9/2020 11:20:16 AM | * Files/Fonts/Montserrat.ttf-- -- --20200
6/9/2020 11:20:16 AM | * Files/Fonts/Montserrat.woff-- -- --12216
6/9/2020 11:20:16 AM | * Files/Fonts/TitilliumText25L.eot-- -- --73644
6/9/2020 11:20:16 AM | * Files/Fonts/TitilliumText25L.ttf-- -- --73428
6/9/2020 11:20:16 AM | * Files/Fonts/TitilliumText25L.woff-- -- --33372
6/9/2020 11:20:16 AM | * Templates/Base.css-- -- --1761
6/9/2020 11:20:16 AM | * Templates/Base_Menu.css-- -- --4658
6/9/2020 11:20:16 AM | * Templates/Base_Menu_Alt.css-- -- --5651
6/9/2020 11:20:16 AM | * Templates/preloader.css-- -- --830
6/9/2020 11:20:17 AM | 
6/9/2020 11:20:17 AM | 
--------------------------------Phase 1 Terminé--------------------------------
6/9/2020 11:20:17 AM | 

